2024-09-13 01:56:50,248 INFO: Scrapy 2.11.2 started (bot: scrapybot)
2024-09-13 01:56:50,249 INFO: Versions: lxml 5.3.0.0, libxml2 2.12.9, cssselect 1.2.0, parsel 1.9.1, w3lib 2.2.1, Twisted 24.7.0, Python 3.10.12 (main, Jul 29 2024, 16:56:48) [GCC 11.4.0], pyOpenSSL 24.2.1 (OpenSSL 3.3.2 3 Sep 2024), cryptography 43.0.1, Platform Linux-6.8.0-40-generic-x86_64-with-glibc2.35
2024-09-13 01:56:50,252 INFO: Enabled addons:
[]
2024-09-13 01:56:50,252 WARNING: /home/aditya/scrapy project/myenv/lib/python3.10/site-packages/scrapy/utils/request.py:254: ScrapyDeprecationWarning: '2.6' is a deprecated value for the 'REQUEST_FINGERPRINTER_IMPLEMENTATION' setting.

It is also the default value. In other words, it is normal to get this warning if you have not defined a value for the 'REQUEST_FINGERPRINTER_IMPLEMENTATION' setting. This is so for backward compatibility reasons, but it will change in a future version of Scrapy.

See the documentation of the 'REQUEST_FINGERPRINTER_IMPLEMENTATION' setting for information on how to handle this deprecation.
  return cls(crawler)

2024-09-13 01:56:50,253 DEBUG: Using reactor: twisted.internet.epollreactor.EPollReactor
2024-09-13 01:56:50,263 INFO: Telnet Password: fea4e42c2abba655
2024-09-13 01:56:50,292 INFO: Enabled extensions:
['scrapy.extensions.corestats.CoreStats',
 'scrapy.extensions.telnet.TelnetConsole',
 'scrapy.extensions.memusage.MemoryUsage',
 'scrapy.extensions.feedexport.FeedExporter',
 'scrapy.extensions.logstats.LogStats']
2024-09-13 01:56:50,292 INFO: Overridden settings:
{}
2024-09-13 01:56:50,409 INFO: Enabled downloader middlewares:
['scrapy.downloadermiddlewares.offsite.OffsiteMiddleware',
 'scrapy.downloadermiddlewares.httpauth.HttpAuthMiddleware',
 'scrapy.downloadermiddlewares.downloadtimeout.DownloadTimeoutMiddleware',
 'scrapy.downloadermiddlewares.defaultheaders.DefaultHeadersMiddleware',
 'scrapy.downloadermiddlewares.useragent.UserAgentMiddleware',
 'scrapy.downloadermiddlewares.retry.RetryMiddleware',
 'scrapy.downloadermiddlewares.redirect.MetaRefreshMiddleware',
 'scrapy.downloadermiddlewares.httpcompression.HttpCompressionMiddleware',
 'scrapy.downloadermiddlewares.redirect.RedirectMiddleware',
 'scrapy.downloadermiddlewares.cookies.CookiesMiddleware',
 'scrapy.downloadermiddlewares.httpproxy.HttpProxyMiddleware',
 'scrapy.downloadermiddlewares.stats.DownloaderStats']
2024-09-13 01:56:50,411 INFO: Enabled spider middlewares:
['scrapy.spidermiddlewares.httperror.HttpErrorMiddleware',
 'scrapy.spidermiddlewares.referer.RefererMiddleware',
 'scrapy.spidermiddlewares.urllength.UrlLengthMiddleware',
 'scrapy.spidermiddlewares.depth.DepthMiddleware']
2024-09-13 01:56:50,411 INFO: Enabled item pipelines:
[]
2024-09-13 01:56:50,411 INFO: Spider opened
2024-09-13 01:56:50,415 INFO: Crawled 0 pages (at 0 pages/min), scraped 0 items (at 0 items/min)
2024-09-13 01:56:50,416 INFO: Telnet console listening on 127.0.0.1:6023
2024-09-13 01:56:50,616 DEBUG: Crawled (403) <GET https://www.livemint.com/market/stock-analysis/adani-stocks-continue-to-fall-hindenburg-report-impact-analysis-11674617364510.html> (referer: None)
2024-09-13 01:56:50,717 INFO: Ignoring response <403 https://www.livemint.com/market/stock-analysis/adani-stocks-continue-to-fall-hindenburg-report-impact-analysis-11674617364510.html>: HTTP status code is not handled or not allowed
2024-09-13 01:56:50,726 INFO: Closing spider (finished)
2024-09-13 01:56:50,728 INFO: Stored json feed (0 items) in: articles.json
2024-09-13 01:56:50,731 INFO: Dumping Scrapy stats:
{'downloader/request_bytes': 322,
 'downloader/request_count': 1,
 'downloader/request_method_count/GET': 1,
 'downloader/response_bytes': 1087,
 'downloader/response_count': 1,
 'downloader/response_status_count/403': 1,
 'elapsed_time_seconds': 0.312897,
 'feedexport/success_count/FileFeedStorage': 1,
 'finish_reason': 'finished',
 'finish_time': datetime.datetime(2024, 9, 12, 20, 26, 50, 727919, tzinfo=datetime.timezone.utc),
 'httperror/response_ignored_count': 1,
 'httperror/response_ignored_status_count/403': 1,
 'log_count/DEBUG': 2,
 'log_count/INFO': 12,
 'log_count/WARNING': 1,
 'memusage/max': 64905216,
 'memusage/startup': 64905216,
 'response_received_count': 1,
 'scheduler/dequeued': 1,
 'scheduler/dequeued/memory': 1,
 'scheduler/enqueued': 1,
 'scheduler/enqueued/memory': 1,
 'start_time': datetime.datetime(2024, 9, 12, 20, 26, 50, 415022, tzinfo=datetime.timezone.utc)}
2024-09-13 01:56:50,732 INFO: Spider closed (finished)
2024-09-13 01:57:29,806 INFO: Scrapy 2.11.2 started (bot: scrapybot)
2024-09-13 01:57:29,807 INFO: Versions: lxml 5.3.0.0, libxml2 2.12.9, cssselect 1.2.0, parsel 1.9.1, w3lib 2.2.1, Twisted 24.7.0, Python 3.10.12 (main, Jul 29 2024, 16:56:48) [GCC 11.4.0], pyOpenSSL 24.2.1 (OpenSSL 3.3.2 3 Sep 2024), cryptography 43.0.1, Platform Linux-6.8.0-40-generic-x86_64-with-glibc2.35
2024-09-13 01:57:29,809 INFO: Enabled addons:
[]
2024-09-13 01:57:29,810 WARNING: /home/aditya/scrapy project/myenv/lib/python3.10/site-packages/scrapy/utils/request.py:254: ScrapyDeprecationWarning: '2.6' is a deprecated value for the 'REQUEST_FINGERPRINTER_IMPLEMENTATION' setting.

It is also the default value. In other words, it is normal to get this warning if you have not defined a value for the 'REQUEST_FINGERPRINTER_IMPLEMENTATION' setting. This is so for backward compatibility reasons, but it will change in a future version of Scrapy.

See the documentation of the 'REQUEST_FINGERPRINTER_IMPLEMENTATION' setting for information on how to handle this deprecation.
  return cls(crawler)

2024-09-13 01:57:29,811 DEBUG: Using reactor: twisted.internet.epollreactor.EPollReactor
2024-09-13 01:57:29,820 INFO: Telnet Password: 575c465668deb865
2024-09-13 01:57:29,854 INFO: Enabled extensions:
['scrapy.extensions.corestats.CoreStats',
 'scrapy.extensions.telnet.TelnetConsole',
 'scrapy.extensions.memusage.MemoryUsage',
 'scrapy.extensions.feedexport.FeedExporter',
 'scrapy.extensions.logstats.LogStats']
2024-09-13 01:57:29,854 INFO: Overridden settings:
{}
2024-09-13 01:57:29,974 INFO: Enabled downloader middlewares:
['scrapy.downloadermiddlewares.offsite.OffsiteMiddleware',
 'scrapy.downloadermiddlewares.httpauth.HttpAuthMiddleware',
 'scrapy.downloadermiddlewares.downloadtimeout.DownloadTimeoutMiddleware',
 'scrapy.downloadermiddlewares.defaultheaders.DefaultHeadersMiddleware',
 'scrapy.downloadermiddlewares.useragent.UserAgentMiddleware',
 'scrapy.downloadermiddlewares.retry.RetryMiddleware',
 'scrapy.downloadermiddlewares.redirect.MetaRefreshMiddleware',
 'scrapy.downloadermiddlewares.httpcompression.HttpCompressionMiddleware',
 'scrapy.downloadermiddlewares.redirect.RedirectMiddleware',
 'scrapy.downloadermiddlewares.cookies.CookiesMiddleware',
 'scrapy.downloadermiddlewares.httpproxy.HttpProxyMiddleware',
 'scrapy.downloadermiddlewares.stats.DownloaderStats']
2024-09-13 01:57:29,975 INFO: Enabled spider middlewares:
['scrapy.spidermiddlewares.httperror.HttpErrorMiddleware',
 'scrapy.spidermiddlewares.referer.RefererMiddleware',
 'scrapy.spidermiddlewares.urllength.UrlLengthMiddleware',
 'scrapy.spidermiddlewares.depth.DepthMiddleware']
2024-09-13 01:57:29,975 INFO: Enabled item pipelines:
[]
2024-09-13 01:57:29,975 INFO: Spider opened
2024-09-13 01:57:29,979 INFO: Crawled 0 pages (at 0 pages/min), scraped 0 items (at 0 items/min)
2024-09-13 01:57:29,980 INFO: Telnet console listening on 127.0.0.1:6023
2024-09-13 01:57:30,129 DEBUG: Crawled (403) <GET https://www.livemint.com/market/stock-analysis/adani-stocks-continue-to-fall-hindenburg-report-impact-analysis-11674617364510.html> (referer: None)
2024-09-13 01:57:30,230 INFO: Ignoring response <403 https://www.livemint.com/market/stock-analysis/adani-stocks-continue-to-fall-hindenburg-report-impact-analysis-11674617364510.html>: HTTP status code is not handled or not allowed
2024-09-13 01:57:30,238 INFO: Closing spider (finished)
2024-09-13 01:57:30,240 INFO: Stored json feed (0 items) in: articles.json
2024-09-13 01:57:30,243 INFO: Dumping Scrapy stats:
{'downloader/request_bytes': 322,
 'downloader/request_count': 1,
 'downloader/request_method_count/GET': 1,
 'downloader/response_bytes': 1087,
 'downloader/response_count': 1,
 'downloader/response_status_count/403': 1,
 'elapsed_time_seconds': 0.260538,
 'feedexport/success_count/FileFeedStorage': 1,
 'finish_reason': 'finished',
 'finish_time': datetime.datetime(2024, 9, 12, 20, 27, 30, 239861, tzinfo=datetime.timezone.utc),
 'httperror/response_ignored_count': 1,
 'httperror/response_ignored_status_count/403': 1,
 'log_count/DEBUG': 2,
 'log_count/INFO': 12,
 'log_count/WARNING': 1,
 'memusage/max': 64634880,
 'memusage/startup': 64634880,
 'response_received_count': 1,
 'scheduler/dequeued': 1,
 'scheduler/dequeued/memory': 1,
 'scheduler/enqueued': 1,
 'scheduler/enqueued/memory': 1,
 'start_time': datetime.datetime(2024, 9, 12, 20, 27, 29, 979323, tzinfo=datetime.timezone.utc)}
2024-09-13 01:57:30,244 INFO: Spider closed (finished)
